Begin execution
[timingInfo] [main] Start time (Wall): 9.40588e+06 Start time (CPU) : 241766

------------------------------------------------------

 S O L V E R S                                        
 D E M O   C O D E                                    

 Running on 1 processors 

------------------------------------------------------


Input Summary: 
--------------------------- 
No. PE   in  x-direction: 1
             y-direction: 1
No. Cells in x-direction: 64
             y-direction: 64
Linear solver           : cg
Non-Linear solver       : nr

LINEAR SOLVE for initial guess
  (o) CG converged in 245 iterations.
(o) Writing gnuplot command file pc_'phi'
NON-LINEAR SOLVE
  (o) CG converged in 204 iterations.
  (o) CG converged in 203 iterations.
  (o) CG converged in 197 iterations.
  (o) CG converged in 191 iterations.
  (o) CG converged in 185 iterations.
  (o) CG converged in 179 iterations.
  (o) CG converged in 170 iterations.
  (o) CG converged in 164 iterations.
  (o) CG converged in 152 iterations.
  (o) CG converged in 140 iterations.
  (o) CG converged in 133 iterations.
  (o) CG converged in 123 iterations.
  (o) CG converged in 115 iterations.
  (o) CG converged in 107 iterations.
  (o) CG converged in 100 iterations.
nr converged in 15 iterations.
(o) Writing gnuplot command file pc_'phi_nr_cg'
[timingInfo] [main] Finish time (Wall): 9.40589e+06 Finish time (CPU) : 10407677
[timingInfo] [main] Elapsed time (Wall, seconds): 1.60332 Elapsed time (CPU, seconds) : 10.1659
Done
