==1902808== Cachegrind, a cache and branch-prediction profiler
==1902810== Copyright (C) 2002-2017, and GNU GPL'd, by Nicholas Nethercote et al.
==1902810== Using Valgrind-3.17.0 and LibVEX; rerun with -h for copyright info
==1902810== Command: ./esPIC -nPEx 2 -nPEy 2 -nCellx 6 -nCelly 6 -flux 2000. -vx_bdy 1. -npHat 80. -tEnd 1 -dt .01
==1902810== Parent PID: 1902783
==1902810== 
--1902810-- warning: L3 cache found, using its data for the LL simulation.
==1902810== Warning: noted but unhandled ioctl 0x7800 with no size/direction hints.
==1902810==    This could cause spurious value errors to appear.
==1902810==    See README_MISSING_SYSCALL_OR_IOCTL for guidance on writing a proper wrapper.
==1902810== brk segment overflow in thread #1: can't grow to 0x4a39000
==1902810== (see section Limitations in user manual)
==1902810== NOTE: further instances of this message will not be shown
==1902807== WARNING: valgrind ignores shmget(shmflg) SHM_HUGETLB
==1902807== 
==1902807== I   refs:      2,788,331,438
==1902807== I1  misses:       23,340,263
==1902807== LLi misses:           23,173
==1902807== I1  miss rate:          0.84%
==1902807== LLi miss rate:          0.00%
==1902807== 
==1902807== D   refs:      1,678,499,340  (1,003,908,215 rd   + 674,591,125 wr)
==1902807== D1  misses:       14,520,476  (    9,627,540 rd   +   4,892,936 wr)
==1902807== LLd misses:        1,227,352  (      158,969 rd   +   1,068,383 wr)
==1902807== D1  miss rate:           0.9% (          1.0%     +         0.7%  )
==1902807== LLd miss rate:           0.1% (          0.0%     +         0.2%  )
==1902807== 
==1902807== LL refs:          37,860,739  (   32,967,803 rd   +   4,892,936 wr)
==1902807== LL misses:         1,250,525  (      182,142 rd   +   1,068,383 wr)
==1902807== LL miss rate:            0.0% (          0.0%     +         0.2%  )
