
------------------------------------------------------

 E L E C T R O S T I C   P A R T I C L E - I N - C E L L
 D E M O   C O D E                           

 Running on 4 processors 

------------------------------------------------------


Input Summary: 
--------------------------- 
No. PE   in  x-direction: 2
             y-direction: 2
No. Cells in x-direction: 6
             y-direction: 6
Flux density            : 2000
End Time                : 1
Time Step               : 0.01
Plot Interval           : 0

Time = 0
Plotting output at time = 0 Latest matrix solver iteration count = 218
Time = 0.01
Plotting output at time = 0.01 Latest matrix solver iteration count = 159
Time = 0.02
Plotting output at time = 0.02 Latest matrix solver iteration count = 152
Time = 0.03
Plotting output at time = 0.03 Latest matrix solver iteration count = 143
Time = 0.04
Plotting output at time = 0.04 Latest matrix solver iteration count = 202
Time = 0.05
Plotting output at time = 0.05 Latest matrix solver iteration count = 226
Time = 0.06
Plotting output at time = 0.06 Latest matrix solver iteration count = 238
Time = 0.07
Plotting output at time = 0.07 Latest matrix solver iteration count = 245
Time = 0.08
Plotting output at time = 0.08 Latest matrix solver iteration count = 260
Time = 0.09
Plotting output at time = 0.09 Latest matrix solver iteration count = 268
Time = 0.1
Plotting output at time = 0.1 Latest matrix solver iteration count = 274
Time = 0.11
Plotting output at time = 0.11 Latest matrix solver iteration count = 278
Time = 0.12
Plotting output at time = 0.12 Latest matrix solver iteration count = 282
Time = 0.13
Plotting output at time = 0.13 Latest matrix solver iteration count = 292
Time = 0.14
Plotting output at time = 0.14 Latest matrix solver iteration count = 296
Time = 0.15
Plotting output at time = 0.15 Latest matrix solver iteration count = 299
Time = 0.16
Plotting output at time = 0.16 Latest matrix solver iteration count = 304
Time = 0.17
Plotting output at time = 0.17 Latest matrix solver iteration count = 308
Time = 0.18
Plotting output at time = 0.18 Latest matrix solver iteration count = 311
Time = 0.19
Plotting output at time = 0.19 Latest matrix solver iteration count = 314
Time = 0.2
Plotting output at time = 0.2 Latest matrix solver iteration count = 318
Time = 0.21
Plotting output at time = 0.21 Latest matrix solver iteration count = 322
Time = 0.22
Plotting output at time = 0.22 Latest matrix solver iteration count = 325
Time = 0.23
Plotting output at time = 0.23 Latest matrix solver iteration count = 327
Time = 0.24
Plotting output at time = 0.24 Latest matrix solver iteration count = 332
Time = 0.25
Plotting output at time = 0.25 Latest matrix solver iteration count = 335
Time = 0.26
Plotting output at time = 0.26 Latest matrix solver iteration count = 338
Time = 0.27
Plotting output at time = 0.27 Latest matrix solver iteration count = 340
Time = 0.28
Plotting output at time = 0.28 Latest matrix solver iteration count = 344
Time = 0.29
Plotting output at time = 0.29 Latest matrix solver iteration count = 347
Time = 0.3
Plotting output at time = 0.3 Latest matrix solver iteration count = 351
Time = 0.31
Plotting output at time = 0.31 Latest matrix solver iteration count = 353
Time = 0.32
Plotting output at time = 0.32 Latest matrix solver iteration count = 356
Time = 0.33
Plotting output at time = 0.33 Latest matrix solver iteration count = 359
Time = 0.34
Plotting output at time = 0.34 Latest matrix solver iteration count = 362
Time = 0.35
Plotting output at time = 0.35 Latest matrix solver iteration count = 365
Time = 0.36
Plotting output at time = 0.36 Latest matrix solver iteration count = 369
Time = 0.37
Plotting output at time = 0.37 Latest matrix solver iteration count = 372
Time = 0.38
Plotting output at time = 0.38 Latest matrix solver iteration count = 375
Time = 0.39
Plotting output at time = 0.39 Latest matrix solver iteration count = 377
Time = 0.4
Plotting output at time = 0.4 Latest matrix solver iteration count = 380
Time = 0.41
Plotting output at time = 0.41 Latest matrix solver iteration count = 382
Time = 0.42
Plotting output at time = 0.42 Latest matrix solver iteration count = 386
Time = 0.43
Plotting output at time = 0.43 Latest matrix solver iteration count = 387
Time = 0.44
Plotting output at time = 0.44 Latest matrix solver iteration count = 389
Time = 0.45
Plotting output at time = 0.45 Latest matrix solver iteration count = 391
Time = 0.46
Plotting output at time = 0.46 Latest matrix solver iteration count = 393
Time = 0.47
Plotting output at time = 0.47 Latest matrix solver iteration count = 393
Time = 0.48
Plotting output at time = 0.48 Latest matrix solver iteration count = 394
Time = 0.49
Plotting output at time = 0.49 Latest matrix solver iteration count = 394
Time = 0.5
Plotting output at time = 0.5 Latest matrix solver iteration count = 394
Time = 0.51
Plotting output at time = 0.51 Latest matrix solver iteration count = 393
Time = 0.52
Plotting output at time = 0.52 Latest matrix solver iteration count = 392
Time = 0.53
Plotting output at time = 0.53 Latest matrix solver iteration count = 386
Time = 0.54
Plotting output at time = 0.54 Latest matrix solver iteration count = 370
Time = 0.55
Plotting output at time = 0.55 Latest matrix solver iteration count = 325
Time = 0.56
Plotting output at time = 0.56 Latest matrix solver iteration count = 348
Time = 0.57
Plotting output at time = 0.57 Latest matrix solver iteration count = 390
Time = 0.58
Plotting output at time = 0.58 Latest matrix solver iteration count = 406
Time = 0.59
Plotting output at time = 0.59 Latest matrix solver iteration count = 415
Time = 0.6
Plotting output at time = 0.6 Latest matrix solver iteration count = 413
Time = 0.61
Plotting output at time = 0.61 Latest matrix solver iteration count = 407
Time = 0.62
Plotting output at time = 0.62 Latest matrix solver iteration count = 401
Time = 0.63
Plotting output at time = 0.63 Latest matrix solver iteration count = 395
Time = 0.64
Plotting output at time = 0.64 Latest matrix solver iteration count = 387
Time = 0.65
Plotting output at time = 0.65 Latest matrix solver iteration count = 380
Time = 0.66
Plotting output at time = 0.66 Latest matrix solver iteration count = 376
Time = 0.67
Plotting output at time = 0.67 Latest matrix solver iteration count = 369
Time = 0.68
Plotting output at time = 0.68 Latest matrix solver iteration count = 362
Time = 0.69
Plotting output at time = 0.69 Latest matrix solver iteration count = 352
Time = 0.7
Plotting output at time = 0.7 Latest matrix solver iteration count = 352
Time = 0.71
Plotting output at time = 0.71 Latest matrix solver iteration count = 348
Time = 0.72
Plotting output at time = 0.72 Latest matrix solver iteration count = 342
Time = 0.73
Plotting output at time = 0.73 Latest matrix solver iteration count = 327
Time = 0.74
Plotting output at time = 0.74 Latest matrix solver iteration count = 297
Time = 0.75
Plotting output at time = 0.75 Latest matrix solver iteration count = 300
Time = 0.76
Plotting output at time = 0.76 Latest matrix solver iteration count = 318
Time = 0.77
Plotting output at time = 0.77 Latest matrix solver iteration count = 305
Time = 0.78
Plotting output at time = 0.78 Latest matrix solver iteration count = 285
Time = 0.79
Plotting output at time = 0.79 Latest matrix solver iteration count = 251
Time = 0.8
Plotting output at time = 0.8 Latest matrix solver iteration count = 308
Time = 0.81
Plotting output at time = 0.81 Latest matrix solver iteration count = 322
Time = 0.82
Plotting output at time = 0.82 Latest matrix solver iteration count = 313
Time = 0.83
Plotting output at time = 0.83 Latest matrix solver iteration count = 294
Time = 0.84
Plotting output at time = 0.84 Latest matrix solver iteration count = 300
Time = 0.85
Plotting output at time = 0.85 Latest matrix solver iteration count = 317
Time = 0.86
Plotting output at time = 0.86 Latest matrix solver iteration count = 324
Time = 0.87
Plotting output at time = 0.87 Latest matrix solver iteration count = 338
Time = 0.88
Plotting output at time = 0.88 Latest matrix solver iteration count = 346
Time = 0.89
Plotting output at time = 0.89 Latest matrix solver iteration count = 337
Time = 0.9
Plotting output at time = 0.9 Latest matrix solver iteration count = 332
Time = 0.91
Plotting output at time = 0.91 Latest matrix solver iteration count = 329
Time = 0.92
Plotting output at time = 0.92 Latest matrix solver iteration count = 337
Time = 0.93
Plotting output at time = 0.93 Latest matrix solver iteration count = 341
Time = 0.94
Plotting output at time = 0.94 Latest matrix solver iteration count = 342
Time = 0.95
Plotting output at time = 0.95 Latest matrix solver iteration count = 334
Time = 0.96
Plotting output at time = 0.96 Latest matrix solver iteration count = 337
Time = 0.97
Plotting output at time = 0.97 Latest matrix solver iteration count = 337
Time = 0.98
Plotting output at time = 0.98 Latest matrix solver iteration count = 334
Time = 0.99
Plotting output at time = 0.99 Latest matrix solver iteration count = 321
[ main ] EXECUTION TIME  = 803654141 (ns)
[ main ] EXECUTION TIME  = 912205557 (ns)
[ main ] EXECUTION TIME  = 556449749 (ns)
[ main ] EXECUTION TIME  = 741726799 (ns)
