==2650571== Cachegrind, a cache and branch-prediction profiler
==2650571== Copyright (C) 2002-2017, and GNU GPL'd, by Nicholas Nethercote et al.
==2650571== Using Valgrind-3.17.0 and LibVEX; rerun with -h for copyright info
==2650571== Command: ./esPIC -nPEx 2 -nPEy 2 -nCellx 6 -nCelly 6 -flux 1000. -vx_bdy 1. -npHat 80. -tEnd 1 -dt .01
==2650571== Parent PID: 2650549
==2650571== 
--2650571-- warning: L3 cache found, using its data for the LL simulation.
==2650573== Warning: noted but unhandled ioctl 0x7800 with no size/direction hints.
==2650573==    This could cause spurious value errors to appear.
==2650573==    See README_MISSING_SYSCALL_OR_IOCTL for guidance on writing a proper wrapper.
==2650573== brk segment overflow in thread #1: can't grow to 0x4a51000
==2650573== (see section Limitations in user manual)
==2650573== NOTE: further instances of this message will not be shown
==2650571== WARNING: valgrind ignores shmget(shmflg) SHM_HUGETLB
==2650573== 
==2650571== I   refs:      2,526,431,705
==2650571== I1  misses:       20,490,596
==2650571== LLi misses:           23,052
==2650571== I1  miss rate:          0.81%
==2650571== LLi miss rate:          0.00%
==2650571== 
==2650571== D   refs:      1,519,888,113  (904,258,413 rd   + 615,629,700 wr)
==2650571== D1  misses:       13,148,274  (  8,713,683 rd   +   4,434,591 wr)
==2650571== LLd misses:        1,162,566  (    148,806 rd   +   1,013,760 wr)
==2650571== D1  miss rate:           0.9% (        1.0%     +         0.7%  )
==2650571== LLd miss rate:           0.1% (        0.0%     +         0.2%  )
==2650571== 
==2650571== LL refs:          33,638,870  ( 29,204,279 rd   +   4,434,591 wr)
==2650571== LL misses:         1,185,618  (    171,858 rd   +   1,013,760 wr)
==2650571== LL miss rate:            0.0% (        0.0%     +         0.2%  )
