==2286173== Callgrind, a call-graph generating cache profiler
==2286173== Copyright (C) 2002-2017, and GNU GPL'd, by Josef Weidendorfer et al.
==2286173== Using Valgrind-3.17.0 and LibVEX; rerun with -h for copyright info
==2286173== Command: ./esPIC -nPEx 2 -nPEy 2 -nCellx 6 -nCelly 6 -flux 1000. -vx_bdy 1. -npHat 80. -tEnd 1 -dt .01
==2286173== Parent PID: 2286149
==2286173== 
==2286173== For interactive control, run 'callgrind_control -h'.
==2286172== Warning: noted but unhandled ioctl 0x7800 with no size/direction hints.
==2286172==    This could cause spurious value errors to appear.
==2286172==    See README_MISSING_SYSCALL_OR_IOCTL for guidance on writing a proper wrapper.
==2286172== brk segment overflow in thread #1: can't grow to 0x4a51000
==2286172== (see section Limitations in user manual)
==2286172== NOTE: further instances of this message will not be shown
==2286173== WARNING: valgrind ignores shmget(shmflg) SHM_HUGETLB
==2286172== 
==2286172== Process terminating with default action of signal 11 (SIGSEGV): dumping core
==2286172==    at 0x6E5899D: raise (in /usr/lib64/libpthread-2.28.so)
==2286172==    by 0x6E58B1F: ??? (in /usr/lib64/libpthread-2.28.so)
==2286172==    by 0x6E5899C: raise (in /usr/lib64/libpthread-2.28.so)
==2286172==    by 0x6E58B1F: ??? (in /usr/lib64/libpthread-2.28.so)
==2286172==    by 0x40AA86: LaplacianOnGrid::ParticlesOnMesh(particles&, mpiInfo&) (LaplacianOnGrid.h:359)
==2286174== 
==2286174== Events    : Ir
==2286174== Collected : 366135590
==2286174== 
==2286174== I   refs:      366,135,590
