==
||
|| Begin Execution of esPIC in slurm batch script.
||
==
[c3cpu-a2-u1-1:2286172:0:2286172] Caught signal 11 (Segmentation fault: address not mapped to object at address 0xfffffffc044f85d0)
[c3cpu-a2-u1-1:2286174:0:2286174] Caught signal 11 (Segmentation fault: address not mapped to object at address 0xfffffffc044f85d0)
==== backtrace (tid:2286174) ====
 0 0x0000000000012b20 .annobin_sigaction.c()  sigaction.c:0
 1 0x000000000040aa87 LaplacianOnGrid::ParticlesOnMesh()  /home/vili4418/hpsc/lab6/esPIC/src/LaplacianOnGrid.h:359
 2 0x0000000000403dbb main()  /home/vili4418/hpsc/lab6/esPIC/src/esPIC.cpp:162
 3 0x0000000000023493 __libc_start_main()  ???:0
 4 0x0000000000402dae _start()  ???:0
=================================
==== backtrace (tid:2286172) ====
 0 0x0000000000012b20 .annobin_sigaction.c()  sigaction.c:0
 1 0x000000000040aa87 LaplacianOnGrid::ParticlesOnMesh()  /home/vili4418/hpsc/lab6/esPIC/src/LaplacianOnGrid.h:359
 2 0x0000000000403dbb main()  /home/vili4418/hpsc/lab6/esPIC/src/esPIC.cpp:162
 3 0x0000000000023493 __libc_start_main()  ???:0
 4 0x0000000000402dae _start()  ???:0
=================================
