==
||
|| Begin Execution of ert in slurm batch script.
||
==

Reading configuration from 'Config/config.alpine'...
  Using existing results directory, Results.alpine...
    Using existing run directory, Results.alpine/Run.002...

FLOP count 1...
  Building ERT core code...
  Running ERT core code...
  Processing results...

FLOP count 2...
  Building ERT core code...
  Running ERT core code...
  Processing results...

FLOP count 4...
  Building ERT core code...
  Running ERT core code...
  Processing results...

FLOP count 8...
  Building ERT core code...
  Running ERT core code...
  Processing results...

FLOP count 16...
  Building ERT core code...
  Running ERT core code...
  Processing results...

Gathering the final roofline results...

+-------------------------------------------------
| Empirical roofline graph:    'Results.alpine/Run.002/roofline.ps'
| Empirical roofline database: 'Results.alpine/Run.002/roofline.json'
+-------------------------------------------------

==
||
|| Execution of ert in slurm batch script complete.
||
==
