==1901600== Cachegrind, a cache and branch-prediction profiler
==1901600== Copyright (C) 2002-2017, and GNU GPL'd, by Nicholas Nethercote et al.
==1901600== Using Valgrind-3.17.0 and LibVEX; rerun with -h for copyright info
==1901600== Command: ./esPIC -nPEx 2 -nPEy 2 -nCellx 12 -nCelly 12 -flux 1000. -vx_bdy 1. -npHat 80. -tEnd 1 -dt .01
==1901600== Parent PID: 1901555
==1901600== 
--1901600-- warning: L3 cache found, using its data for the LL simulation.
==1901601== Warning: noted but unhandled ioctl 0x7800 with no size/direction hints.
==1901601==    This could cause spurious value errors to appear.
==1901601==    See README_MISSING_SYSCALL_OR_IOCTL for guidance on writing a proper wrapper.
==1901598== brk segment overflow in thread #1: can't grow to 0x4a32000
==1901598== (see section Limitations in user manual)
==1901598== NOTE: further instances of this message will not be shown
==1901598== WARNING: valgrind ignores shmget(shmflg) SHM_HUGETLB
==1901598== 
==1901598== I   refs:      16,333,229,306
==1901598== I1  misses:        59,215,391
==1901598== LLi misses:            26,119
==1901598== I1  miss rate:           0.36%
==1901598== LLi miss rate:           0.00%
==1901598== 
==1901598== D   refs:      10,660,353,929  (6,464,226,086 rd   + 4,196,127,843 wr)
==1901598== D1  misses:        91,108,156  (   71,721,105 rd   +    19,387,051 wr)
==1901598== LLd misses:         2,778,653  (      359,770 rd   +     2,418,883 wr)
==1901598== D1  miss rate:            0.9% (          1.1%     +           0.5%  )
==1901598== LLd miss rate:            0.0% (          0.0%     +           0.1%  )
==1901598== 
==1901598== LL refs:          150,323,547  (  130,936,496 rd   +    19,387,051 wr)
==1901598== LL misses:          2,804,772  (      385,889 rd   +     2,418,883 wr)
==1901598== LL miss rate:             0.0% (          0.0%     +           0.1%  )
