==1903839== Cachegrind, a cache and branch-prediction profiler
==1903839== Copyright (C) 2002-2017, and GNU GPL'd, by Nicholas Nethercote et al.
==1903839== Using Valgrind-3.17.0 and LibVEX; rerun with -h for copyright info
==1903839== Command: ./esPIC -nPEx 2 -nPEy 2 -nCellx 6 -nCelly 6 -flux 1000. -vx_bdy 1. -npHat 80. -tEnd 2 -dt .01
==1903839== Parent PID: 1903814
==1903839== 
--1903839-- warning: L3 cache found, using its data for the LL simulation.
==1903839== Warning: noted but unhandled ioctl 0x7800 with no size/direction hints.
==1903839==    This could cause spurious value errors to appear.
==1903839==    See README_MISSING_SYSCALL_OR_IOCTL for guidance on writing a proper wrapper.
==1903839== brk segment overflow in thread #1: can't grow to 0x4a32000
==1903839== (see section Limitations in user manual)
==1903839== NOTE: further instances of this message will not be shown
==1903836== WARNING: valgrind ignores shmget(shmflg) SHM_HUGETLB
==1903836== 
==1903838== I   refs:      4,800,303,067
==1903838== I1  misses:       30,912,975
==1903838== LLi misses:           24,692
==1903836== I1  miss rate:          0.81%
==1903836== LLi miss rate:          0.00%
==1903836== 
==1903836== D   refs:      2,947,083,925  (1,767,842,194 rd   + 1,179,241,731 wr)
==1903836== D1  misses:       24,353,969  (   16,438,174 rd   +     7,915,795 wr)
==1903836== LLd misses:        1,910,991  (      246,735 rd   +     1,664,256 wr)
==1903836== D1  miss rate:           0.8% (          0.9%     +           0.7%  )
==1903836== LLd miss rate:           0.1% (          0.0%     +           0.1%  )
==1903836== 
==1903836== LL refs:          63,394,579  (   55,478,784 rd   +     7,915,795 wr)
==1903836== LL misses:         1,936,259  (      272,003 rd   +     1,664,256 wr)
==1903836== LL miss rate:            0.0% (          0.0%     +           0.1%  )
