
------------------------------------------------------

 E L E C T R O S T I C   P A R T I C L E - I N - C E L L
 D E M O   C O D E                           

 Running on 4 processors 

------------------------------------------------------


Input Summary: 
--------------------------- 
No. PE   in  x-direction: 2
             y-direction: 2
No. Cells in x-direction: 6
             y-direction: 6
Flux density            : 1000
End Time                : 2
Time Step               : 0.01
Plot Interval           : 0

Time = 0
Plotting output at time = 0 Latest matrix solver iteration count = 218
Time = 0.01
Plotting output at time = 0.01 Latest matrix solver iteration count = 159
Time = 0.02
Plotting output at time = 0.02 Latest matrix solver iteration count = 152
Time = 0.03
Plotting output at time = 0.03 Latest matrix solver iteration count = 143
Time = 0.04
Plotting output at time = 0.04 Latest matrix solver iteration count = 135
Time = 0.05
Plotting output at time = 0.05 Latest matrix solver iteration count = 127
Time = 0.06
Plotting output at time = 0.06 Latest matrix solver iteration count = 120
Time = 0.07
Plotting output at time = 0.07 Latest matrix solver iteration count = 112
Time = 0.08
Plotting output at time = 0.08 Latest matrix solver iteration count = 205
Time = 0.09
Plotting output at time = 0.09 Latest matrix solver iteration count = 227
Time = 0.1
Plotting output at time = 0.1 Latest matrix solver iteration count = 239
Time = 0.11
Plotting output at time = 0.11 Latest matrix solver iteration count = 246
Time = 0.12
Plotting output at time = 0.12 Latest matrix solver iteration count = 251
Time = 0.13
Plotting output at time = 0.13 Latest matrix solver iteration count = 254
Time = 0.14
Plotting output at time = 0.14 Latest matrix solver iteration count = 257
Time = 0.15
Plotting output at time = 0.15 Latest matrix solver iteration count = 259
Time = 0.16
Plotting output at time = 0.16 Latest matrix solver iteration count = 268
Time = 0.17
Plotting output at time = 0.17 Latest matrix solver iteration count = 274
Time = 0.18
Plotting output at time = 0.18 Latest matrix solver iteration count = 279
Time = 0.19
Plotting output at time = 0.19 Latest matrix solver iteration count = 282
Time = 0.2
Plotting output at time = 0.2 Latest matrix solver iteration count = 285
Time = 0.21
Plotting output at time = 0.21 Latest matrix solver iteration count = 287
Time = 0.22
Plotting output at time = 0.22 Latest matrix solver iteration count = 289
Time = 0.23
Plotting output at time = 0.23 Latest matrix solver iteration count = 290
Time = 0.24
Plotting output at time = 0.24 Latest matrix solver iteration count = 295
Time = 0.25
Plotting output at time = 0.25 Latest matrix solver iteration count = 299
Time = 0.26
Plotting output at time = 0.26 Latest matrix solver iteration count = 302
Time = 0.27
Plotting output at time = 0.27 Latest matrix solver iteration count = 304
Time = 0.28
Plotting output at time = 0.28 Latest matrix solver iteration count = 307
Time = 0.29
Plotting output at time = 0.29 Latest matrix solver iteration count = 308
Time = 0.3
Plotting output at time = 0.3 Latest matrix solver iteration count = 310
Time = 0.31
Plotting output at time = 0.31 Latest matrix solver iteration count = 312
Time = 0.32
Plotting output at time = 0.32 Latest matrix solver iteration count = 316
Time = 0.33
Plotting output at time = 0.33 Latest matrix solver iteration count = 319
Time = 0.34
Plotting output at time = 0.34 Latest matrix solver iteration count = 322
Time = 0.35
Plotting output at time = 0.35 Latest matrix solver iteration count = 324
Time = 0.36
Plotting output at time = 0.36 Latest matrix solver iteration count = 326
Time = 0.37
Plotting output at time = 0.37 Latest matrix solver iteration count = 329
Time = 0.38
Plotting output at time = 0.38 Latest matrix solver iteration count = 331
Time = 0.39
Plotting output at time = 0.39 Latest matrix solver iteration count = 333
Time = 0.4
Plotting output at time = 0.4 Latest matrix solver iteration count = 336
Time = 0.41
Plotting output at time = 0.41 Latest matrix solver iteration count = 339
Time = 0.42
Plotting output at time = 0.42 Latest matrix solver iteration count = 342
Time = 0.43
Plotting output at time = 0.43 Latest matrix solver iteration count = 343
Time = 0.44
Plotting output at time = 0.44 Latest matrix solver iteration count = 346
Time = 0.45
Plotting output at time = 0.45 Latest matrix solver iteration count = 348
Time = 0.46
Plotting output at time = 0.46 Latest matrix solver iteration count = 350
Time = 0.47
Plotting output at time = 0.47 Latest matrix solver iteration count = 352
Time = 0.48
Plotting output at time = 0.48 Latest matrix solver iteration count = 356
Time = 0.49
Plotting output at time = 0.49 Latest matrix solver iteration count = 358
Time = 0.5
Plotting output at time = 0.5 Latest matrix solver iteration count = 361
Time = 0.51
Plotting output at time = 0.51 Latest matrix solver iteration count = 363
Time = 0.52
Plotting output at time = 0.52 Latest matrix solver iteration count = 364
Time = 0.53
Plotting output at time = 0.53 Latest matrix solver iteration count = 364
Time = 0.54
Plotting output at time = 0.54 Latest matrix solver iteration count = 367
Time = 0.55
Plotting output at time = 0.55 Latest matrix solver iteration count = 367
Time = 0.56
Plotting output at time = 0.56 Latest matrix solver iteration count = 369
Time = 0.57
Plotting output at time = 0.57 Latest matrix solver iteration count = 369
Time = 0.58
Plotting output at time = 0.58 Latest matrix solver iteration count = 370
Time = 0.59
Plotting output at time = 0.59 Latest matrix solver iteration count = 368
Time = 0.6
Plotting output at time = 0.6 Latest matrix solver iteration count = 370
Time = 0.61
Plotting output at time = 0.61 Latest matrix solver iteration count = 368
Time = 0.62
Plotting output at time = 0.62 Latest matrix solver iteration count = 367
Time = 0.63
Plotting output at time = 0.63 Latest matrix solver iteration count = 367
Time = 0.64
Plotting output at time = 0.64 Latest matrix solver iteration count = 357
Time = 0.65
Plotting output at time = 0.65 Latest matrix solver iteration count = 339
Time = 0.66
Plotting output at time = 0.66 Latest matrix solver iteration count = 296
Time = 0.67
Plotting output at time = 0.67 Latest matrix solver iteration count = 327
Time = 0.68
Plotting output at time = 0.68 Latest matrix solver iteration count = 360
Time = 0.69
Plotting output at time = 0.69 Latest matrix solver iteration count = 380
Time = 0.7
Plotting output at time = 0.7 Latest matrix solver iteration count = 386
Time = 0.71
Plotting output at time = 0.71 Latest matrix solver iteration count = 390
Time = 0.72
Plotting output at time = 0.72 Latest matrix solver iteration count = 390
Time = 0.73
Plotting output at time = 0.73 Latest matrix solver iteration count = 386
Time = 0.74
Plotting output at time = 0.74 Latest matrix solver iteration count = 378
Time = 0.75
Plotting output at time = 0.75 Latest matrix solver iteration count = 370
Time = 0.76
Plotting output at time = 0.76 Latest matrix solver iteration count = 360
Time = 0.77
Plotting output at time = 0.77 Latest matrix solver iteration count = 350
Time = 0.78
Plotting output at time = 0.78 Latest matrix solver iteration count = 351
Time = 0.79
Plotting output at time = 0.79 Latest matrix solver iteration count = 354
Time = 0.8
Plotting output at time = 0.8 Latest matrix solver iteration count = 347
Time = 0.81
Plotting output at time = 0.81 Latest matrix solver iteration count = 341
Time = 0.82
Plotting output at time = 0.82 Latest matrix solver iteration count = 332
Time = 0.83
Plotting output at time = 0.83 Latest matrix solver iteration count = 317
Time = 0.84
Plotting output at time = 0.84 Latest matrix solver iteration count = 303
Time = 0.85
Plotting output at time = 0.85 Latest matrix solver iteration count = 297
Time = 0.86
Plotting output at time = 0.86 Latest matrix solver iteration count = 288
Time = 0.87
Plotting output at time = 0.87 Latest matrix solver iteration count = 300
Time = 0.88
Plotting output at time = 0.88 Latest matrix solver iteration count = 312
Time = 0.89
Plotting output at time = 0.89 Latest matrix solver iteration count = 310
Time = 0.9
Plotting output at time = 0.9 Latest matrix solver iteration count = 304
Time = 0.91
Plotting output at time = 0.91 Latest matrix solver iteration count = 294
Time = 0.92
Plotting output at time = 0.92 Latest matrix solver iteration count = 269
Time = 0.93
Plotting output at time = 0.93 Latest matrix solver iteration count = 243
Time = 0.94
Plotting output at time = 0.94 Latest matrix solver iteration count = 273
Time = 0.95
Plotting output at time = 0.95 Latest matrix solver iteration count = 263
Time = 0.96
Plotting output at time = 0.96 Latest matrix solver iteration count = 287
Time = 0.97
Plotting output at time = 0.97 Latest matrix solver iteration count = 303
Time = 0.98
Plotting output at time = 0.98 Latest matrix solver iteration count = 319
Time = 0.99
Plotting output at time = 0.99 Latest matrix solver iteration count = 328
Time = 1
Plotting output at time = 1 Latest matrix solver iteration count = 319
Time = 1.01
Plotting output at time = 1.01 Latest matrix solver iteration count = 298
Time = 1.02
Plotting output at time = 1.02 Latest matrix solver iteration count = 280
Time = 1.03
Plotting output at time = 1.03 Latest matrix solver iteration count = 271
Time = 1.04
Plotting output at time = 1.04 Latest matrix solver iteration count = 272
Time = 1.05
Plotting output at time = 1.05 Latest matrix solver iteration count = 283
Time = 1.06
Plotting output at time = 1.06 Latest matrix solver iteration count = 301
Time = 1.07
Plotting output at time = 1.07 Latest matrix solver iteration count = 310
Time = 1.08
Plotting output at time = 1.08 Latest matrix solver iteration count = 315
Time = 1.09
Plotting output at time = 1.09 Latest matrix solver iteration count = 318
Time = 1.1
Plotting output at time = 1.1 Latest matrix solver iteration count = 326
Time = 1.11
Plotting output at time = 1.11 Latest matrix solver iteration count = 326
Time = 1.12
Plotting output at time = 1.12 Latest matrix solver iteration count = 322
Time = 1.13
Plotting output at time = 1.13 Latest matrix solver iteration count = 306
Time = 1.14
Plotting output at time = 1.14 Latest matrix solver iteration count = 305
Time = 1.15
Plotting output at time = 1.15 Latest matrix solver iteration count = 299
Time = 1.16
Plotting output at time = 1.16 Latest matrix solver iteration count = 314
Time = 1.17
Plotting output at time = 1.17 Latest matrix solver iteration count = 314
Time = 1.18
Plotting output at time = 1.18 Latest matrix solver iteration count = 317
Time = 1.19
Plotting output at time = 1.19 Latest matrix solver iteration count = 312
Time = 1.2
Plotting output at time = 1.2 Latest matrix solver iteration count = 269
Time = 1.21
Plotting output at time = 1.21 Latest matrix solver iteration count = 253
Time = 1.22
Plotting output at time = 1.22 Latest matrix solver iteration count = 248
Time = 1.23
Plotting output at time = 1.23 Latest matrix solver iteration count = 260
Time = 1.24
Plotting output at time = 1.24 Latest matrix solver iteration count = 283
Time = 1.25
Plotting output at time = 1.25 Latest matrix solver iteration count = 299
Time = 1.26
Plotting output at time = 1.26 Latest matrix solver iteration count = 267
Time = 1.27
Plotting output at time = 1.27 Latest matrix solver iteration count = 293
Time = 1.28
Plotting output at time = 1.28 Latest matrix solver iteration count = 303
Time = 1.29
Plotting output at time = 1.29 Latest matrix solver iteration count = 295
Time = 1.3
Plotting output at time = 1.3 Latest matrix solver iteration count = 281
Time = 1.31
Plotting output at time = 1.31 Latest matrix solver iteration count = 257
Time = 1.32
Plotting output at time = 1.32 Latest matrix solver iteration count = 250
Time = 1.33
Plotting output at time = 1.33 Latest matrix solver iteration count = 298
Time = 1.34
Plotting output at time = 1.34 Latest matrix solver iteration count = 316
Time = 1.35
Plotting output at time = 1.35 Latest matrix solver iteration count = 318
Time = 1.36
Plotting output at time = 1.36 Latest matrix solver iteration count = 303
Time = 1.37
Plotting output at time = 1.37 Latest matrix solver iteration count = 285
Time = 1.38
Plotting output at time = 1.38 Latest matrix solver iteration count = 249
Time = 1.39
Plotting output at time = 1.39 Latest matrix solver iteration count = 201
Time = 1.4
Plotting output at time = 1.4 Latest matrix solver iteration count = 296
Time = 1.41
Plotting output at time = 1.41 Latest matrix solver iteration count = 315
Time = 1.42
Plotting output at time = 1.42 Latest matrix solver iteration count = 308
Time = 1.43
Plotting output at time = 1.43 Latest matrix solver iteration count = 299
Time = 1.44
Plotting output at time = 1.44 Latest matrix solver iteration count = 285
Time = 1.45
Plotting output at time = 1.45 Latest matrix solver iteration count = 266
Time = 1.46
Plotting output at time = 1.46 Latest matrix solver iteration count = 289
Time = 1.47
Plotting output at time = 1.47 Latest matrix solver iteration count = 203
Time = 1.48
Plotting output at time = 1.48 Latest matrix solver iteration count = 295
Time = 1.49
Plotting output at time = 1.49 Latest matrix solver iteration count = 304
Time = 1.5
Plotting output at time = 1.5 Latest matrix solver iteration count = 295
Time = 1.51
Plotting output at time = 1.51 Latest matrix solver iteration count = 284
Time = 1.52
Plotting output at time = 1.52 Latest matrix solver iteration count = 269
Time = 1.53
Plotting output at time = 1.53 Latest matrix solver iteration count = 280
Time = 1.54
Plotting output at time = 1.54 Latest matrix solver iteration count = 291
Time = 1.55
Plotting output at time = 1.55 Latest matrix solver iteration count = 292
Time = 1.56
Plotting output at time = 1.56 Latest matrix solver iteration count = 187
Time = 1.57
Plotting output at time = 1.57 Latest matrix solver iteration count = 289
Time = 1.58
Plotting output at time = 1.58 Latest matrix solver iteration count = 280
Time = 1.59
Plotting output at time = 1.59 Latest matrix solver iteration count = 273
Time = 1.6
Plotting output at time = 1.6 Latest matrix solver iteration count = 212
Time = 1.61
Plotting output at time = 1.61 Latest matrix solver iteration count = 280
Time = 1.62
Plotting output at time = 1.62 Latest matrix solver iteration count = 297
Time = 1.63
Plotting output at time = 1.63 Latest matrix solver iteration count = 307
Time = 1.64
Plotting output at time = 1.64 Latest matrix solver iteration count = 289
Time = 1.65
Plotting output at time = 1.65 Latest matrix solver iteration count = 201
Time = 1.66
Plotting output at time = 1.66 Latest matrix solver iteration count = 273
Time = 1.67
Plotting output at time = 1.67 Latest matrix solver iteration count = 267
Time = 1.68
Plotting output at time = 1.68 Latest matrix solver iteration count = 255
Time = 1.69
Plotting output at time = 1.69 Latest matrix solver iteration count = 265
Time = 1.7
Plotting output at time = 1.7 Latest matrix solver iteration count = 295
Time = 1.71
Plotting output at time = 1.71 Latest matrix solver iteration count = 301
Time = 1.72
Plotting output at time = 1.72 Latest matrix solver iteration count = 306
Time = 1.73
Plotting output at time = 1.73 Latest matrix solver iteration count = 273
Time = 1.74
Plotting output at time = 1.74 Latest matrix solver iteration count = 269
Time = 1.75
Plotting output at time = 1.75 Latest matrix solver iteration count = 279
Time = 1.76
Plotting output at time = 1.76 Latest matrix solver iteration count = 273
Time = 1.77
Plotting output at time = 1.77 Latest matrix solver iteration count = 246
Time = 1.78
Plotting output at time = 1.78 Latest matrix solver iteration count = 289
Time = 1.79
Plotting output at time = 1.79 Latest matrix solver iteration count = 297
Time = 1.8
Plotting output at time = 1.8 Latest matrix solver iteration count = 307
Time = 1.81
Plotting output at time = 1.81 Latest matrix solver iteration count = 262
Time = 1.82
Plotting output at time = 1.82 Latest matrix solver iteration count = 282
Time = 1.83
Plotting output at time = 1.83 Latest matrix solver iteration count = 289
Time = 1.84
Plotting output at time = 1.84 Latest matrix solver iteration count = 279
Time = 1.85
Plotting output at time = 1.85 Latest matrix solver iteration count = 255
Time = 1.86
Plotting output at time = 1.86 Latest matrix solver iteration count = 281
Time = 1.87
Plotting output at time = 1.87 Latest matrix solver iteration count = 298
Time = 1.88
Plotting output at time = 1.88 Latest matrix solver iteration count = 296
Time = 1.89
Plotting output at time = 1.89 Latest matrix solver iteration count = 197
Time = 1.9
Plotting output at time = 1.9 Latest matrix solver iteration count = 296
Time = 1.91
Plotting output at time = 1.91 Latest matrix solver iteration count = 297
Time = 1.92
Plotting output at time = 1.92 Latest matrix solver iteration count = 278
Time = 1.93
Plotting output at time = 1.93 Latest matrix solver iteration count = 254
Time = 1.94
Plotting output at time = 1.94 Latest matrix solver iteration count = 288
Time = 1.95
Plotting output at time = 1.95 Latest matrix solver iteration count = 301
Time = 1.96
Plotting output at time = 1.96 Latest matrix solver iteration count = 281
Time = 1.97
Plotting output at time = 1.97 Latest matrix solver iteration count = 268
Time = 1.98
Plotting output at time = 1.98 Latest matrix solver iteration count = 298
Time = 1.99
Plotting output at time = 1.99 Latest matrix solver iteration count = 297
[ main ] EXECUTION TIME  = 1785163832 (ns)
[ main ] EXECUTION TIME  = 2392842887 (ns)
[ main ] EXECUTION TIME  = 991798163 (ns)
[ main ] EXECUTION TIME  = 1788662414 (ns)
