==1908674== Cachegrind, a cache and branch-prediction profiler
==1908674== Copyright (C) 2002-2017, and GNU GPL'd, by Nicholas Nethercote et al.
==1908674== Using Valgrind-3.17.0 and LibVEX; rerun with -h for copyright info
==1908674== Command: ./esPIC -nPEx 2 -nPEy 2 -nCellx 6 -nCelly 6 -flux 1000. -vx_bdy 1. -npHat 80. -tEnd 1 -dt .01
==1908674== Parent PID: 1908652
==1908674== 
--1908676-- warning: L3 cache found, using its data for the LL simulation.
==1908677== Warning: noted but unhandled ioctl 0x7800 with no size/direction hints.
==1908677==    This could cause spurious value errors to appear.
==1908677==    See README_MISSING_SYSCALL_OR_IOCTL for guidance on writing a proper wrapper.
==1908677== brk segment overflow in thread #1: can't grow to 0x4a32000
==1908677== (see section Limitations in user manual)
==1908677== NOTE: further instances of this message will not be shown
==1908674== WARNING: valgrind ignores shmget(shmflg) SHM_HUGETLB
==1908674== 
==1908674== I   refs:      2,977,532,601
==1908674== I1  misses:       20,813,809
==1908674== LLi misses:           22,772
==1908674== I1  miss rate:          0.70%
==1908674== LLi miss rate:          0.00%
==1908674== 
==1908674== D   refs:      1,660,965,385  (1,101,489,770 rd   + 559,475,615 wr)
==1908674== D1  misses:       11,513,015  (    7,286,400 rd   +   4,226,615 wr)
==1908674== LLd misses:        1,165,068  (      150,677 rd   +   1,014,391 wr)
==1908674== D1  miss rate:           0.7% (          0.7%     +         0.8%  )
==1908674== LLd miss rate:           0.1% (          0.0%     +         0.2%  )
==1908674== 
==1908674== LL refs:          32,326,824  (   28,100,209 rd   +   4,226,615 wr)
==1908674== LL misses:         1,187,840  (      173,449 rd   +   1,014,391 wr)
==1908674== LL miss rate:            0.0% (          0.0%     +         0.2%  )
