==1896019== Cachegrind, a cache and branch-prediction profiler
==1896019== Copyright (C) 2002-2017, and GNU GPL'd, by Nicholas Nethercote et al.
==1896019== Using Valgrind-3.17.0 and LibVEX; rerun with -h for copyright info
==1896019== Command: ./esPIC -nPEx 2 -nPEy 2 -nCellx 6 -nCelly 6 -flux 1000. -vx_bdy 1. -npHat 80. -tEnd 1 -dt .01
==1896019== Parent PID: 1895996
==1896019== 
--1896019-- warning: L3 cache found, using its data for the LL simulation.
==1896020== Warning: noted but unhandled ioctl 0x7800 with no size/direction hints.
==1896020==    This could cause spurious value errors to appear.
==1896020==    See README_MISSING_SYSCALL_OR_IOCTL for guidance on writing a proper wrapper.
==1896020== brk segment overflow in thread #1: can't grow to 0x4a39000
==1896020== (see section Limitations in user manual)
==1896020== NOTE: further instances of this message will not be shown
==1896018== WARNING: valgrind ignores shmget(shmflg) SHM_HUGETLB
==1896018== 
==1896018== I   refs:      2,562,403,744
==1896018== I1  misses:       20,577,297
==1896018== LLi misses:           23,125
==1896018== I1  miss rate:          0.80%
==1896018== LLi miss rate:          0.00%
==1896018== 
==1896018== D   refs:      1,545,194,506  (923,592,957 rd   + 621,601,549 wr)
==1896018== D1  misses:       13,456,994  (  8,793,418 rd   +   4,663,576 wr)
==1896018== LLd misses:        1,165,281  (    150,532 rd   +   1,014,749 wr)
==1896018== D1  miss rate:           0.9% (        1.0%     +         0.8%  )
==1896018== LLd miss rate:           0.1% (        0.0%     +         0.2%  )
==1896018== 
==1896018== LL refs:          34,034,291  ( 29,370,715 rd   +   4,663,576 wr)
==1896018== LL misses:         1,188,406  (    173,657 rd   +   1,014,749 wr)
==1896018== LL miss rate:            0.0% (        0.0%     +         0.2%  )
