
------------------------------------------------------

 E L E C T R O S T I C   P A R T I C L E - I N - C E L L
 D E M O   C O D E                           

 Running on 1 processors 

------------------------------------------------------


Input Summary: 
--------------------------- 
No. PE   in  x-direction: 1
             y-direction: 1
No. Cells in x-direction: 24
             y-direction: 24
Flux density            : 1000
End Time                : 1
Time Step               : 0.01
Plot Interval           : 0

Time = 0
Plotting output at time = 0 Latest matrix solver iteration count = 665
Time = 0.01
Plotting output at time = 0.01 Latest matrix solver iteration count = 487
Time = 0.02
Plotting output at time = 0.02 Latest matrix solver iteration count = 446
Time = 0.03
Plotting output at time = 0.03 Latest matrix solver iteration count = 412
Time = 0.04
Plotting output at time = 0.04 Latest matrix solver iteration count = 378
Time = 0.05
Plotting output at time = 0.05 Latest matrix solver iteration count = 345
Time = 0.06
Plotting output at time = 0.06 Latest matrix solver iteration count = 313
Time = 0.07
Plotting output at time = 0.07 Latest matrix solver iteration count = 282
Time = 0.08
Plotting output at time = 0.08 Latest matrix solver iteration count = 321
Time = 0.09
Plotting output at time = 0.09 Latest matrix solver iteration count = 499
Time = 0.1
Plotting output at time = 0.1 Latest matrix solver iteration count = 569
Time = 0.11
Plotting output at time = 0.11 Latest matrix solver iteration count = 610
Time = 0.12
Plotting output at time = 0.12 Latest matrix solver iteration count = 637
Time = 0.13
Plotting output at time = 0.13 Latest matrix solver iteration count = 656
Time = 0.14
Plotting output at time = 0.14 Latest matrix solver iteration count = 670
Time = 0.15
Plotting output at time = 0.15 Latest matrix solver iteration count = 680
Time = 0.16
Plotting output at time = 0.16 Latest matrix solver iteration count = 723
Time = 0.17
Plotting output at time = 0.17 Latest matrix solver iteration count = 752
Time = 0.18
Plotting output at time = 0.18 Latest matrix solver iteration count = 772
Time = 0.19
Plotting output at time = 0.19 Latest matrix solver iteration count = 787
Time = 0.2
Plotting output at time = 0.2 Latest matrix solver iteration count = 798
Time = 0.21
Plotting output at time = 0.21 Latest matrix solver iteration count = 807
Time = 0.22
Plotting output at time = 0.22 Latest matrix solver iteration count = 814
Time = 0.23
Plotting output at time = 0.23 Latest matrix solver iteration count = 820
Time = 0.24
Plotting output at time = 0.24 Latest matrix solver iteration count = 841
Time = 0.25
Plotting output at time = 0.25 Latest matrix solver iteration count = 856
Time = 0.26
Plotting output at time = 0.26 Latest matrix solver iteration count = 869
Time = 0.27
Plotting output at time = 0.27 Latest matrix solver iteration count = 878
Time = 0.28
Plotting output at time = 0.28 Latest matrix solver iteration count = 886
Time = 0.29
Plotting output at time = 0.29 Latest matrix solver iteration count = 891
Time = 0.3
Plotting output at time = 0.3 Latest matrix solver iteration count = 897
Time = 0.31
Plotting output at time = 0.31 Latest matrix solver iteration count = 902
Time = 0.32
Plotting output at time = 0.32 Latest matrix solver iteration count = 916
Time = 0.33
Plotting output at time = 0.33 Latest matrix solver iteration count = 925
Time = 0.34
Plotting output at time = 0.34 Latest matrix solver iteration count = 936
Time = 0.35
Plotting output at time = 0.35 Latest matrix solver iteration count = 944
Time = 0.36
Plotting output at time = 0.36 Latest matrix solver iteration count = 949
Time = 0.37
Plotting output at time = 0.37 Latest matrix solver iteration count = 954
Time = 0.38
Plotting output at time = 0.38 Latest matrix solver iteration count = 959
Time = 0.39
Plotting output at time = 0.39 Latest matrix solver iteration count = 963
Time = 0.4
Plotting output at time = 0.4 Latest matrix solver iteration count = 974
Time = 0.41
Plotting output at time = 0.41 Latest matrix solver iteration count = 982
Time = 0.42
Plotting output at time = 0.42 Latest matrix solver iteration count = 991
Time = 0.43
Plotting output at time = 0.43 Latest matrix solver iteration count = 997
Time = 0.44
Plotting output at time = 0.44 Latest matrix solver iteration count = 1002
Time = 0.45
Plotting output at time = 0.45 Latest matrix solver iteration count = 1008
Time = 0.46
Plotting output at time = 0.46 Latest matrix solver iteration count = 1012
Time = 0.47
Plotting output at time = 0.47 Latest matrix solver iteration count = 1017
Time = 0.48
Plotting output at time = 0.48 Latest matrix solver iteration count = 1027
Time = 0.49
Plotting output at time = 0.49 Latest matrix solver iteration count = 1037
Time = 0.5
Plotting output at time = 0.5 Latest matrix solver iteration count = 1043
Time = 0.51
Plotting output at time = 0.51 Latest matrix solver iteration count = 1049
Time = 0.52
Plotting output at time = 0.52 Latest matrix solver iteration count = 1054
Time = 0.53
Plotting output at time = 0.53 Latest matrix solver iteration count = 1061
Time = 0.54
Plotting output at time = 0.54 Latest matrix solver iteration count = 1066
Time = 0.55
Plotting output at time = 0.55 Latest matrix solver iteration count = 1070
Time = 0.56
Plotting output at time = 0.56 Latest matrix solver iteration count = 1081
Time = 0.57
Plotting output at time = 0.57 Latest matrix solver iteration count = 1094
Time = 0.58
Plotting output at time = 0.58 Latest matrix solver iteration count = 1097
Time = 0.59
Plotting output at time = 0.59 Latest matrix solver iteration count = 1107
Time = 0.6
Plotting output at time = 0.6 Latest matrix solver iteration count = 1108
Time = 0.61
Plotting output at time = 0.61 Latest matrix solver iteration count = 1119
Time = 0.62
Plotting output at time = 0.62 Latest matrix solver iteration count = 1120
Time = 0.63
Plotting output at time = 0.63 Latest matrix solver iteration count = 1126
Time = 0.64
Plotting output at time = 0.64 Latest matrix solver iteration count = 1137
Time = 0.65
Plotting output at time = 0.65 Latest matrix solver iteration count = 1149
Time = 0.66
Plotting output at time = 0.66 Latest matrix solver iteration count = 1148
Time = 0.67
Plotting output at time = 0.67 Latest matrix solver iteration count = 1155
Time = 0.68
Plotting output at time = 0.68 Latest matrix solver iteration count = 1160
Time = 0.69
Plotting output at time = 0.69 Latest matrix solver iteration count = 1170
Time = 0.7
Plotting output at time = 0.7 Latest matrix solver iteration count = 1171
Time = 0.71
Plotting output at time = 0.71 Latest matrix solver iteration count = 1176
Time = 0.72
Plotting output at time = 0.72 Latest matrix solver iteration count = 1183
Time = 0.73
Plotting output at time = 0.73 Latest matrix solver iteration count = 1194
Time = 0.74
Plotting output at time = 0.74 Latest matrix solver iteration count = 1190
Time = 0.75
Plotting output at time = 0.75 Latest matrix solver iteration count = 1198
Time = 0.76
Plotting output at time = 0.76 Latest matrix solver iteration count = 1201
Time = 0.77
Plotting output at time = 0.77 Latest matrix solver iteration count = 1206
Time = 0.78
Plotting output at time = 0.78 Latest matrix solver iteration count = 1205
Time = 0.79
Plotting output at time = 0.79 Latest matrix solver iteration count = 1209
Time = 0.8
Plotting output at time = 0.8 Latest matrix solver iteration count = 1229
Time = 0.81
Plotting output at time = 0.81 Latest matrix solver iteration count = 1215
Time = 0.82
Plotting output at time = 0.82 Latest matrix solver iteration count = 1217
Time = 0.83
Plotting output at time = 0.83 Latest matrix solver iteration count = 1220
Time = 0.84
Plotting output at time = 0.84 Latest matrix solver iteration count = 1285
Time = 0.85
Plotting output at time = 0.85 Latest matrix solver iteration count = 1235
Time = 0.86
Plotting output at time = 0.86 Latest matrix solver iteration count = 1276
Time = 0.87
Plotting output at time = 0.87 Latest matrix solver iteration count = 1228
Time = 0.88
Plotting output at time = 0.88 Latest matrix solver iteration count = 1260
Time = 0.89
Plotting output at time = 0.89 Latest matrix solver iteration count = 1228
Time = 0.9
Plotting output at time = 0.9 Latest matrix solver iteration count = 1253
Time = 0.91
Plotting output at time = 0.91 Latest matrix solver iteration count = 1121
Time = 0.92
Plotting output at time = 0.92 Latest matrix solver iteration count = 959
Time = 0.93
Plotting output at time = 0.93 Latest matrix solver iteration count = 1042
Time = 0.94
Plotting output at time = 0.94 Latest matrix solver iteration count = 1151
Time = 0.95
Plotting output at time = 0.95 Latest matrix solver iteration count = 1221
Time = 0.96
Plotting output at time = 0.96 Latest matrix solver iteration count = 1279
Time = 0.97
Plotting output at time = 0.97 Latest matrix solver iteration count = 1328
Time = 0.98
Plotting output at time = 0.98 Latest matrix solver iteration count = 1342
Time = 0.99
Plotting output at time = 0.99 Latest matrix solver iteration count = 1334
[ main ] EXECUTION TIME  = 6152031403 (ns)
