
------------------------------------------------------

 E L E C T R O S T I C   P A R T I C L E - I N - C E L L
 D E M O   C O D E                           

 Running on 4 processors 

------------------------------------------------------


Input Summary: 
--------------------------- 
No. PE   in  x-direction: 2
             y-direction: 2
No. Cells in x-direction: 12
             y-direction: 12
Flux density            : 1000
End Time                : 1
Time Step               : 0.01
Plot Interval           : 0

Time = 0
Plotting output at time = 0 Latest matrix solver iteration count = 647
Time = 0.01
Plotting output at time = 0.01 Latest matrix solver iteration count = 470
Time = 0.02
Plotting output at time = 0.02 Latest matrix solver iteration count = 431
Time = 0.03
Plotting output at time = 0.03 Latest matrix solver iteration count = 399
Time = 0.04
Plotting output at time = 0.04 Latest matrix solver iteration count = 367
Time = 0.05
Plotting output at time = 0.05 Latest matrix solver iteration count = 336
Time = 0.06
Plotting output at time = 0.06 Latest matrix solver iteration count = 305
Time = 0.07
Plotting output at time = 0.07 Latest matrix solver iteration count = 275
Time = 0.08
Plotting output at time = 0.08 Latest matrix solver iteration count = 339
Time = 0.09
Plotting output at time = 0.09 Latest matrix solver iteration count = 501
Time = 0.1
Plotting output at time = 0.1 Latest matrix solver iteration count = 565
Time = 0.11
Plotting output at time = 0.11 Latest matrix solver iteration count = 603
Time = 0.12
Plotting output at time = 0.12 Latest matrix solver iteration count = 628
Time = 0.13
Plotting output at time = 0.13 Latest matrix solver iteration count = 646
Time = 0.14
Plotting output at time = 0.14 Latest matrix solver iteration count = 659
Time = 0.15
Plotting output at time = 0.15 Latest matrix solver iteration count = 668
Time = 0.16
Plotting output at time = 0.16 Latest matrix solver iteration count = 709
Time = 0.17
Plotting output at time = 0.17 Latest matrix solver iteration count = 736
Time = 0.18
Plotting output at time = 0.18 Latest matrix solver iteration count = 755
Time = 0.19
Plotting output at time = 0.19 Latest matrix solver iteration count = 769
Time = 0.2
Plotting output at time = 0.2 Latest matrix solver iteration count = 780
Time = 0.21
Plotting output at time = 0.21 Latest matrix solver iteration count = 788
Time = 0.22
Plotting output at time = 0.22 Latest matrix solver iteration count = 795
Time = 0.23
Plotting output at time = 0.23 Latest matrix solver iteration count = 800
Time = 0.24
Plotting output at time = 0.24 Latest matrix solver iteration count = 820
Time = 0.25
Plotting output at time = 0.25 Latest matrix solver iteration count = 836
Time = 0.26
Plotting output at time = 0.26 Latest matrix solver iteration count = 846
Time = 0.27
Plotting output at time = 0.27 Latest matrix solver iteration count = 855
Time = 0.28
Plotting output at time = 0.28 Latest matrix solver iteration count = 863
Time = 0.29
Plotting output at time = 0.29 Latest matrix solver iteration count = 869
Time = 0.3
Plotting output at time = 0.3 Latest matrix solver iteration count = 873
Time = 0.31
Plotting output at time = 0.31 Latest matrix solver iteration count = 877
Time = 0.32
Plotting output at time = 0.32 Latest matrix solver iteration count = 891
Time = 0.33
Plotting output at time = 0.33 Latest matrix solver iteration count = 902
Time = 0.34
Plotting output at time = 0.34 Latest matrix solver iteration count = 910
Time = 0.35
Plotting output at time = 0.35 Latest matrix solver iteration count = 918
Time = 0.36
Plotting output at time = 0.36 Latest matrix solver iteration count = 923
Time = 0.37
Plotting output at time = 0.37 Latest matrix solver iteration count = 928
Time = 0.38
Plotting output at time = 0.38 Latest matrix solver iteration count = 933
Time = 0.39
Plotting output at time = 0.39 Latest matrix solver iteration count = 937
Time = 0.4
Plotting output at time = 0.4 Latest matrix solver iteration count = 948
Time = 0.41
Plotting output at time = 0.41 Latest matrix solver iteration count = 956
Time = 0.42
Plotting output at time = 0.42 Latest matrix solver iteration count = 964
Time = 0.43
Plotting output at time = 0.43 Latest matrix solver iteration count = 973
Time = 0.44
Plotting output at time = 0.44 Latest matrix solver iteration count = 976
Time = 0.45
Plotting output at time = 0.45 Latest matrix solver iteration count = 981
Time = 0.46
Plotting output at time = 0.46 Latest matrix solver iteration count = 986
Time = 0.47
Plotting output at time = 0.47 Latest matrix solver iteration count = 990
Time = 0.48
Plotting output at time = 0.48 Latest matrix solver iteration count = 1000
Time = 0.49
Plotting output at time = 0.49 Latest matrix solver iteration count = 1007
Time = 0.5
Plotting output at time = 0.5 Latest matrix solver iteration count = 1016
Time = 0.51
Plotting output at time = 0.51 Latest matrix solver iteration count = 1021
Time = 0.52
Plotting output at time = 0.52 Latest matrix solver iteration count = 1029
Time = 0.53
Plotting output at time = 0.53 Latest matrix solver iteration count = 1035
Time = 0.54
Plotting output at time = 0.54 Latest matrix solver iteration count = 1041
Time = 0.55
Plotting output at time = 0.55 Latest matrix solver iteration count = 1042
Time = 0.56
Plotting output at time = 0.56 Latest matrix solver iteration count = 1052
Time = 0.57
Plotting output at time = 0.57 Latest matrix solver iteration count = 1059
Time = 0.58
Plotting output at time = 0.58 Latest matrix solver iteration count = 1072
Time = 0.59
Plotting output at time = 0.59 Latest matrix solver iteration count = 1075
Time = 0.6
Plotting output at time = 0.6 Latest matrix solver iteration count = 1080
Time = 0.61
Plotting output at time = 0.61 Latest matrix solver iteration count = 1084
Time = 0.62
Plotting output at time = 0.62 Latest matrix solver iteration count = 1095
Time = 0.63
Plotting output at time = 0.63 Latest matrix solver iteration count = 1096
Time = 0.64
Plotting output at time = 0.64 Latest matrix solver iteration count = 1110
Time = 0.65
Plotting output at time = 0.65 Latest matrix solver iteration count = 1117
Time = 0.66
Plotting output at time = 0.66 Latest matrix solver iteration count = 1116
Time = 0.67
Plotting output at time = 0.67 Latest matrix solver iteration count = 1136
Time = 0.68
Plotting output at time = 0.68 Latest matrix solver iteration count = 1132
Time = 0.69
Plotting output at time = 0.69 Latest matrix solver iteration count = 1131
Time = 0.7
Plotting output at time = 0.7 Latest matrix solver iteration count = 1142
Time = 0.71
Plotting output at time = 0.71 Latest matrix solver iteration count = 1145
Time = 0.72
Plotting output at time = 0.72 Latest matrix solver iteration count = 1150
Time = 0.73
Plotting output at time = 0.73 Latest matrix solver iteration count = 1163
Time = 0.74
Plotting output at time = 0.74 Latest matrix solver iteration count = 1158
Time = 0.75
Plotting output at time = 0.75 Latest matrix solver iteration count = 1173
Time = 0.76
Plotting output at time = 0.76 Latest matrix solver iteration count = 1198
Time = 0.77
Plotting output at time = 0.77 Latest matrix solver iteration count = 1189
Time = 0.78
Plotting output at time = 0.78 Latest matrix solver iteration count = 1167
Time = 0.79
Plotting output at time = 0.79 Latest matrix solver iteration count = 1168
Time = 0.8
Plotting output at time = 0.8 Latest matrix solver iteration count = 1188
Time = 0.81
Plotting output at time = 0.81 Latest matrix solver iteration count = 1235
Time = 0.82
Plotting output at time = 0.82 Latest matrix solver iteration count = 1183
Time = 0.83
Plotting output at time = 0.83 Latest matrix solver iteration count = 1234
Time = 0.84
Plotting output at time = 0.84 Latest matrix solver iteration count = 1181
Time = 0.85
Plotting output at time = 0.85 Latest matrix solver iteration count = 1215
Time = 0.86
Plotting output at time = 0.86 Latest matrix solver iteration count = 1180
Time = 0.87
Plotting output at time = 0.87 Latest matrix solver iteration count = 1192
Time = 0.88
Plotting output at time = 0.88 Latest matrix solver iteration count = 1177
Time = 0.89
Plotting output at time = 0.89 Latest matrix solver iteration count = 1135
Time = 0.9
Plotting output at time = 0.9 Latest matrix solver iteration count = 1015
Time = 0.91
Plotting output at time = 0.91 Latest matrix solver iteration count = 925
Time = 0.92
Plotting output at time = 0.92 Latest matrix solver iteration count = 1080
Time = 0.93
Plotting output at time = 0.93 Latest matrix solver iteration count = 1111
Time = 0.94
Plotting output at time = 0.94 Latest matrix solver iteration count = 1193
Time = 0.95
Plotting output at time = 0.95 Latest matrix solver iteration count = 1245
Time = 0.96
Plotting output at time = 0.96 Latest matrix solver iteration count = 1283
Time = 0.97
Plotting output at time = 0.97 Latest matrix solver iteration count = 1298
Time = 0.98
Plotting output at time = 0.98 Latest matrix solver iteration count = 1288
Time = 0.99
Plotting output at time = 0.99 Latest matrix solver iteration count = 1258
[ main ] EXECUTION TIME  = 2756459087 (ns)
[ main ] EXECUTION TIME  = 2400932120 (ns)
[ main ] EXECUTION TIME  = 2645188496 (ns)
[ main ] EXECUTION TIME  = 2771690614 (ns)
